INFO  10.02.2026 17:34:59  Trying to initialize repositories from: \n    D:\magnolia-headless\.magnolia\apache-tomcat\webapps\magnoliaPublic\WEB-INF\bootstrap\public\n    D:\magnolia-headless\.magnolia\apache-tomcat\webapps\magnoliaPublic\WEB-INF\bootstrap\common
INFO  10.02.2026 17:34:59  Repository [imaging] has been initialized.
INFO  10.02.2026 17:34:59  Repository [magnolia-mgnlSystem] has been initialized.
INFO  10.02.2026 17:34:59  Trying to import content from 1 files into repository [website]
INFO  10.02.2026 17:34:59  Repository [website] has been initialized.
INFO  10.02.2026 17:34:59  Repository [category] has been initialized.
INFO  10.02.2026 17:34:59  Repository [users] has been initialized.
INFO  10.02.2026 17:34:59  Repository [resources] has been initialized.
INFO  10.02.2026 17:34:59  Repository [config] has been initialized.
INFO  10.02.2026 17:34:59  Trying to import content from 1 files into repository [dam]
INFO  10.02.2026 17:34:59  Repository [dam] has been initialized.
INFO  10.02.2026 17:34:59  Repository [userroles] has been initialized.
INFO  10.02.2026 17:34:59  Repository [scripts] has been initialized.
INFO  10.02.2026 17:34:59  Repository [messages] has been initialized.
INFO  10.02.2026 17:34:59  Repository [tasks] has been initialized.
INFO  10.02.2026 17:34:59  Repository [keystore] has been initialized.
INFO  10.02.2026 17:34:59  Repository [magnolia-mgnlVersion] has been initialized.
INFO  10.02.2026 17:34:59  Repository [default] has been initialized.
INFO  10.02.2026 17:34:59  Repository [profiles] has been initialized.
INFO  10.02.2026 17:34:59  Repository [usergroups] has been initialized.
