INFO  10.02.2026 17:34:02  Trying to initialize repositories from: \n    D:\magnolia-headless\.magnolia\apache-tomcat\webapps\magnoliaAuthor\WEB-INF\bootstrap\author\n    D:\magnolia-headless\.magnolia\apache-tomcat\webapps\magnoliaAuthor\WEB-INF\bootstrap\common
INFO  10.02.2026 17:34:02  Repository [imaging] has been initialized.
INFO  10.02.2026 17:34:02  Repository [magnolia-mgnlSystem] has been initialized.
INFO  10.02.2026 17:34:02  Trying to import content from 1 files into repository [website]
INFO  10.02.2026 17:34:02  Repository [website] has been initialized.
INFO  10.02.2026 17:34:02  Repository [category] has been initialized.
INFO  10.02.2026 17:34:02  Repository [users] has been initialized.
INFO  10.02.2026 17:34:02  Repository [resources] has been initialized.
INFO  10.02.2026 17:34:02  Repository [config] has been initialized.
INFO  10.02.2026 17:34:02  Trying to import content from 1 files into repository [dam]
INFO  10.02.2026 17:34:02  Repository [dam] has been initialized.
INFO  10.02.2026 17:34:02  Repository [userroles] has been initialized.
INFO  10.02.2026 17:34:02  Repository [scripts] has been initialized.
INFO  10.02.2026 17:34:02  Repository [messages] has been initialized.
INFO  10.02.2026 17:34:02  Repository [tasks] has been initialized.
INFO  10.02.2026 17:34:02  Repository [keystore] has been initialized.
INFO  10.02.2026 17:34:02  Repository [magnolia-mgnlVersion] has been initialized.
INFO  10.02.2026 17:34:02  Repository [default] has been initialized.
INFO  10.02.2026 17:34:02  Repository [profiles] has been initialized.
INFO  10.02.2026 17:34:02  Repository [usergroups] has been initialized.
