ERROR info.magnolia.cms.security.SecurityUtil 10.02.2026 17:33:51 -- Invalid key length: [null], falling back to 4096.
ERROR info.magnolia.dam.core.download.DamDownloadServlet 11.02.2026 13:58:05 -- An IO error occurred during download
org.apache.catalina.connector.ClientAbortException: java.io.IOException: An established connection was aborted by the software in your host machine
	at org.apache.catalina.connector.OutputBuffer.realWriteBytes(OutputBuffer.java:340)
	at org.apache.catalina.connector.OutputBuffer.flushByteBuffer(OutputBuffer.java:775)
	at org.apache.catalina.connector.OutputBuffer.append(OutputBuffer.java:672)
	at org.apache.catalina.connector.OutputBuffer.writeBytes(OutputBuffer.java:375)
	at org.apache.catalina.connector.OutputBuffer.write(OutputBuffer.java:353)
	at org.apache.catalina.connector.CoyoteOutputStream.write(CoyoteOutputStream.java:99)
	at org.apache.commons.io.IOUtils.copyLarge(IOUtils.java:1457)
	at org.apache.commons.io.IOUtils.copy(IOUtils.java:1081)
	at org.apache.commons.io.IOUtils.copyLarge(IOUtils.java:1429)
	at info.magnolia.dam.core.download.DamDownloadServlet.handleResourceRequest(DamDownloadServlet.java:204)
	at info.magnolia.dam.core.download.DamDownloadServlet.process(DamDownloadServlet.java:135)
	at info.magnolia.dam.core.download.DamDownloadServlet.doGet(DamDownloadServlet.java:110)
	at jakarta.servlet.http.HttpServlet.service(HttpServlet.java:564)
	at jakarta.servlet.http.HttpServlet.service(HttpServlet.java:658)
	at info.magnolia.cms.filters.ServletDispatchingFilter.doFilter(ServletDispatchingFilter.java:148)
	at info.magnolia.cms.filters.AbstractMgnlFilter.doFilter(AbstractMgnlFilter.java:85)
	at info.magnolia.cms.filters.MgnlFilterChain.doFilter(MgnlFilterChain.java:79)
	at info.magnolia.cms.filters.CompositeFilter.doFilter(CompositeFilter.java:75)
	at info.magnolia.cms.filters.AbstractMgnlFilter.doFilter(AbstractMgnlFilter.java:85)
	at info.magnolia.cms.filters.MgnlFilterChain.doFilter(MgnlFilterChain.java:79)
	at info.magnolia.virtualuri.VirtualUriFilter.doFilter(VirtualUriFilter.java:108)
	at info.magnolia.cms.filters.AbstractMgnlFilter.doFilter(AbstractMgnlFilter.java:85)
	at info.magnolia.cms.filters.MgnlFilterChain.doFilter(MgnlFilterChain.java:79)
	at info.magnolia.module.cache.executor.Bypass.processCacheRequest(Bypass.java:58)
	at info.magnolia.module.cache.executor.CompositeExecutor.processCacheRequest(CompositeExecutor.java:66)
	at info.magnolia.module.cache.filter.CacheFilter.doFilter(CacheFilter.java:164)
	at info.magnolia.cms.filters.AbstractMgnlFilter.doFilter(AbstractMgnlFilter.java:85)
	at info.magnolia.cms.filters.MgnlFilterChain.doFilter(MgnlFilterChain.java:79)
	at info.magnolia.cms.i18n.I18nContentSupportFilter.doFilter(I18nContentSupportFilter.java:85)
	at info.magnolia.cms.filters.AbstractMgnlFilter.doFilter(AbstractMgnlFilter.java:85)
	at info.magnolia.cms.filters.MgnlFilterChain.doFilter(MgnlFilterChain.java:79)
	at info.magnolia.cms.filters.RangeSupportFilter.doFilter(RangeSupportFilter.java:79)
	at info.magnolia.cms.filters.OncePerRequestAbstractMgnlFilter.doFilter(OncePerRequestAbstractMgnlFilter.java:59)
	at info.magnolia.cms.filters.MgnlFilterChain.doFilter(MgnlFilterChain.java:79)
	at info.magnolia.cms.security.BaseSecurityFilter.doFilter(BaseSecurityFilter.java:57)
	at info.magnolia.cms.filters.AbstractMgnlFilter.doFilter(AbstractMgnlFilter.java:85)
	at info.magnolia.cms.filters.MgnlFilterChain.doFilter(MgnlFilterChain.java:79)
	at info.magnolia.csp.AbstractCspFilter.doFilter(AbstractCspFilter.java:58)
	at info.magnolia.cms.filters.OncePerRequestAbstractMgnlFilter.doFilter(OncePerRequestAbstractMgnlFilter.java:59)
	at info.magnolia.cms.filters.MgnlFilterChain.doFilter(MgnlFilterChain.java:79)
	at info.magnolia.cors.AbstractCorsFilter.doFilter(AbstractCorsFilter.java:77)
	at info.magnolia.cms.filters.OncePerRequestAbstractMgnlFilter.doFilter(OncePerRequestAbstractMgnlFilter.java:59)
	at info.magnolia.cms.filters.CompositeFilter.doFilter(CompositeFilter.java:79)
	at info.magnolia.cms.filters.AbstractMgnlFilter.doFilter(AbstractMgnlFilter.java:85)
	at info.magnolia.cms.filters.MgnlFilterChain.doFilter(MgnlFilterChain.java:79)
	at info.magnolia.cms.filters.MgnlFilterChain.doFilter(MgnlFilterChain.java:81)
	at info.magnolia.cms.security.SecurityCallbackFilter.doFilter(SecurityCallbackFilter.java:85)
	at info.magnolia.cms.filters.OncePerRequestAbstractMgnlFilter.doFilter(OncePerRequestAbstractMgnlFilter.java:59)
	at info.magnolia.cms.filters.MgnlFilterChain.doFilter(MgnlFilterChain.java:79)
	at info.magnolia.cms.security.LogoutFilter.doFilter(LogoutFilter.java:118)
	at info.magnolia.cms.filters.OncePerRequestAbstractMgnlFilter.doFilter(OncePerRequestAbstractMgnlFilter.java:59)
	at info.magnolia.cms.filters.MgnlFilterChain.doFilter(MgnlFilterChain.java:79)
	at info.magnolia.cms.filters.MgnlFilterChain.doFilter(MgnlFilterChain.java:81)
	at info.magnolia.module.site.filters.SiteMergeFilter.doFilter(SiteMergeFilter.java:115)
	at info.magnolia.cms.filters.AbstractMgnlFilter.doFilter(AbstractMgnlFilter.java:85)
	at info.magnolia.cms.filters.MgnlFilterChain.doFilter(MgnlFilterChain.java:79)
	at info.magnolia.cms.filters.MultiChannelFilter.doFilter(MultiChannelFilter.java:83)
	at info.magnolia.cms.filters.AbstractMgnlFilter.doFilter(AbstractMgnlFilter.java:85)
	at info.magnolia.cms.filters.MgnlFilterChain.doFilter(MgnlFilterChain.java:79)
	at info.magnolia.cms.filters.MgnlFilterChain.doFilter(MgnlFilterChain.java:81)
	at info.magnolia.cms.filters.MgnlFilterChain.doFilter(MgnlFilterChain.java:81)
	at info.magnolia.cms.security.auth.login.LoginFilter.doFilter(LoginFilter.java:133)
	at info.magnolia.cms.filters.AbstractMgnlFilter.doFilter(AbstractMgnlFilter.java:85)
	at info.magnolia.cms.filters.MgnlFilterChain.doFilter(MgnlFilterChain.java:79)
	at info.magnolia.cms.filters.MgnlFilterChain.doFilter(MgnlFilterChain.java:81)
	at info.magnolia.cms.filters.MgnlFilterChain.doFilter(MgnlFilterChain.java:81)
	at info.magnolia.cms.filters.MultipartRequestFilter.doFilter(MultipartRequestFilter.java:164)
	at info.magnolia.cms.filters.OncePerRequestAbstractMgnlFilter.doFilter(OncePerRequestAbstractMgnlFilter.java:59)
	at info.magnolia.cms.filters.MgnlFilterChain.doFilter(MgnlFilterChain.java:79)
	at info.magnolia.cms.filters.ContentTypeFilter.doFilter(ContentTypeFilter.java:156)
	at info.magnolia.cms.filters.AbstractMgnlFilter.doFilter(AbstractMgnlFilter.java:85)
	at info.magnolia.cms.filters.MgnlFilterChain.doFilter(MgnlFilterChain.java:79)
	at info.magnolia.cms.filters.ContextFilter.doFilter(ContextFilter.java:128)
	at info.magnolia.cms.filters.AbstractMgnlFilter.doFilter(AbstractMgnlFilter.java:85)
	at info.magnolia.cms.filters.MgnlFilterChain.doFilter(MgnlFilterChain.java:79)
	at info.magnolia.cms.filters.CompositeFilter.doFilter(CompositeFilter.java:75)
	at info.magnolia.cms.filters.AbstractMgnlFilter.doFilter(AbstractMgnlFilter.java:85)
	at info.magnolia.cms.filters.SafeDestroyMgnlFilterWrapper.doFilter(SafeDestroyMgnlFilterWrapper.java:107)
	at info.magnolia.cms.filters.MgnlFilterDispatcher.doDispatch(MgnlFilterDispatcher.java:67)
	at info.magnolia.cms.filters.MgnlMainFilter.doFilter(MgnlMainFilter.java:110)
	at info.magnolia.cms.filters.MgnlMainFilter.doFilter(MgnlMainFilter.java:96)
	at org.apache.catalina.core.ApplicationFilterChain.internalDoFilter(ApplicationFilterChain.java:162)
	at org.apache.catalina.core.ApplicationFilterChain.doFilter(ApplicationFilterChain.java:138)
	at org.apache.catalina.core.StandardWrapperValve.invoke(StandardWrapperValve.java:165)
	at org.apache.catalina.core.StandardContextValve.invoke(StandardContextValve.java:88)
	at org.apache.catalina.authenticator.AuthenticatorBase.invoke(AuthenticatorBase.java:482)
	at org.apache.catalina.core.StandardHostValve.invoke(StandardHostValve.java:113)
	at org.apache.catalina.valves.ErrorReportValve.invoke(ErrorReportValve.java:83)
	at org.apache.catalina.valves.AbstractAccessLogValve.invoke(AbstractAccessLogValve.java:654)
	at org.apache.catalina.valves.RemoteIpValve.invoke(RemoteIpValve.java:733)
	at org.apache.catalina.core.StandardEngineValve.invoke(StandardEngineValve.java:72)
	at org.apache.catalina.connector.CoyoteAdapter.service(CoyoteAdapter.java:342)
	at org.apache.coyote.http11.Http11Processor.service(Http11Processor.java:399)
	at org.apache.coyote.AbstractProcessorLight.process(AbstractProcessorLight.java:63)
	at org.apache.coyote.AbstractProtocol$ConnectionHandler.process(AbstractProtocol.java:903)
	at org.apache.tomcat.util.net.NioEndpoint$SocketProcessor.doRun(NioEndpoint.java:1774)
	at org.apache.tomcat.util.net.SocketProcessorBase.run(SocketProcessorBase.java:52)
	at org.apache.tomcat.util.threads.ThreadPoolExecutor.runWorker(ThreadPoolExecutor.java:973)
	at org.apache.tomcat.util.threads.ThreadPoolExecutor$Worker.run(ThreadPoolExecutor.java:491)
	at org.apache.tomcat.util.threads.TaskThread$WrappingRunnable.run(TaskThread.java:63)
	at java.base/java.lang.Thread.run(Thread.java:1583)
Caused by: java.io.IOException: An established connection was aborted by the software in your host machine
	at java.base/sun.nio.ch.SocketDispatcher.write0(Native Method)
	at java.base/sun.nio.ch.SocketDispatcher.write(SocketDispatcher.java:54)
	at java.base/sun.nio.ch.IOUtil.writeFromNativeBuffer(IOUtil.java:137)
	at java.base/sun.nio.ch.IOUtil.write(IOUtil.java:102)
	at java.base/sun.nio.ch.IOUtil.write(IOUtil.java:58)
	at java.base/sun.nio.ch.SocketChannelImpl.write(SocketChannelImpl.java:542)
	at org.apache.tomcat.util.net.NioChannel.write(NioChannel.java:125)
	at org.apache.tomcat.util.net.NioEndpoint$NioSocketWrapper.doWrite(NioEndpoint.java:1413)
	at org.apache.tomcat.util.net.SocketWrapperBase.doWrite(SocketWrapperBase.java:732)
	at org.apache.tomcat.util.net.SocketWrapperBase.writeBlocking(SocketWrapperBase.java:572)
	at org.apache.tomcat.util.net.SocketWrapperBase.write(SocketWrapperBase.java:520)
	at org.apache.coyote.http11.Http11OutputBuffer$SocketOutputBuffer.doWrite(Http11OutputBuffer.java:548)
	at org.apache.coyote.http11.filters.IdentityOutputFilter.doWrite(IdentityOutputFilter.java:71)
	at org.apache.coyote.http11.Http11OutputBuffer.doWrite(Http11OutputBuffer.java:193)
	at org.apache.coyote.Response.doWrite(Response.java:621)
	at org.apache.catalina.connector.OutputBuffer.realWriteBytes(OutputBuffer.java:328)
	... 100 more
