10-Feb-2026 17:33:14.414 INFO [main] org.apache.catalina.startup.VersionLoggerListener.log Server version name:   Apache Tomcat/10.1.49
10-Feb-2026 17:33:14.471 INFO [main] org.apache.catalina.startup.VersionLoggerListener.log Server built:          Nov 6 2025 01:31:11 UTC
10-Feb-2026 17:33:14.472 INFO [main] org.apache.catalina.startup.VersionLoggerListener.log Server version number: 10.1.49.0
10-Feb-2026 17:33:14.472 INFO [main] org.apache.catalina.startup.VersionLoggerListener.log OS Name:               Windows 11
10-Feb-2026 17:33:14.472 INFO [main] org.apache.catalina.startup.VersionLoggerListener.log OS Version:            10.0
10-Feb-2026 17:33:14.472 INFO [main] org.apache.catalina.startup.VersionLoggerListener.log Architecture:          amd64
10-Feb-2026 17:33:14.473 INFO [main] org.apache.catalina.startup.VersionLoggerListener.log Java Home:             C:\Program Files\Java\jdk-21
10-Feb-2026 17:33:14.473 INFO [main] org.apache.catalina.startup.VersionLoggerListener.log JVM Version:           21.0.8+12-LTS-250
10-Feb-2026 17:33:14.473 INFO [main] org.apache.catalina.startup.VersionLoggerListener.log JVM Vendor:            Oracle Corporation
10-Feb-2026 17:33:14.473 INFO [main] org.apache.catalina.startup.VersionLoggerListener.log CATALINA_BASE:         D:\magnolia-headless\.magnolia\apache-tomcat
10-Feb-2026 17:33:14.473 INFO [main] org.apache.catalina.startup.VersionLoggerListener.log CATALINA_HOME:         D:\magnolia-headless\.magnolia\apache-tomcat
10-Feb-2026 17:33:14.509 INFO [main] org.apache.catalina.startup.VersionLoggerListener.log Command line argument: -Djava.util.logging.config.file=D:\magnolia-headless\.magnolia\apache-tomcat\conf\logging.properties
10-Feb-2026 17:33:14.509 INFO [main] org.apache.catalina.startup.VersionLoggerListener.log Command line argument: -Djava.util.logging.manager=org.apache.juli.ClassLoaderLogManager
10-Feb-2026 17:33:14.509 INFO [main] org.apache.catalina.startup.VersionLoggerListener.log Command line argument: -Djdk.tls.ephemeralDHKeySize=2048
10-Feb-2026 17:33:14.510 INFO [main] org.apache.catalina.startup.VersionLoggerListener.log Command line argument: -Djava.protocol.handler.pkgs=org.apache.catalina.webresources
10-Feb-2026 17:33:14.510 INFO [main] org.apache.catalina.startup.VersionLoggerListener.log Command line argument: -Dsun.io.useCanonCaches=false
10-Feb-2026 17:33:14.510 INFO [main] org.apache.catalina.startup.VersionLoggerListener.log Command line argument: --add-opens=java.base/java.lang=ALL-UNNAMED
10-Feb-2026 17:33:14.510 INFO [main] org.apache.catalina.startup.VersionLoggerListener.log Command line argument: --add-opens=java.base/java.lang.reflect=ALL-UNNAMED
10-Feb-2026 17:33:14.510 INFO [main] org.apache.catalina.startup.VersionLoggerListener.log Command line argument: --add-opens=java.base/java.io=ALL-UNNAMED
10-Feb-2026 17:33:14.510 INFO [main] org.apache.catalina.startup.VersionLoggerListener.log Command line argument: --add-opens=java.base/java.util=ALL-UNNAMED
10-Feb-2026 17:33:14.511 INFO [main] org.apache.catalina.startup.VersionLoggerListener.log Command line argument: --add-opens=java.base/java.util.concurrent=ALL-UNNAMED
10-Feb-2026 17:33:14.511 INFO [main] org.apache.catalina.startup.VersionLoggerListener.log Command line argument: --add-opens=java.rmi/sun.rmi.transport=ALL-UNNAMED
10-Feb-2026 17:33:14.511 INFO [main] org.apache.catalina.startup.VersionLoggerListener.log Command line argument: -Dmagnolia.resources.dir=D:\magnolia-headless\light-modules
10-Feb-2026 17:33:14.511 INFO [main] org.apache.catalina.startup.VersionLoggerListener.log Command line argument: -Xms64M
10-Feb-2026 17:33:14.511 INFO [main] org.apache.catalina.startup.VersionLoggerListener.log Command line argument: -Xmx2048M
10-Feb-2026 17:33:14.511 INFO [main] org.apache.catalina.startup.VersionLoggerListener.log Command line argument: -Djava.awt.headless=true
10-Feb-2026 17:33:14.512 INFO [main] org.apache.catalina.startup.VersionLoggerListener.log Command line argument: -Dcatalina.base=D:\magnolia-headless\.magnolia\apache-tomcat
10-Feb-2026 17:33:14.512 INFO [main] org.apache.catalina.startup.VersionLoggerListener.log Command line argument: -Dcatalina.home=D:\magnolia-headless\.magnolia\apache-tomcat
10-Feb-2026 17:33:14.512 INFO [main] org.apache.catalina.startup.VersionLoggerListener.log Command line argument: -Djava.io.tmpdir=D:\magnolia-headless\.magnolia\apache-tomcat\temp
10-Feb-2026 17:33:14.519 INFO [main] org.apache.catalina.core.AprLifecycleListener.lifecycleEvent The Apache Tomcat Native library which allows using OpenSSL was not found on the java.library.path: [C:\Program Files\Java\jdk-21\bin;C:\Windows\Sun\Java\bin;C:\Windows\system32;C:\Windows;C:\Program Files\Common Files\Oracle\Java\javapath;C:\Windows\system32;C:\Windows;C:\Windows\System32\Wbem;C:\Windows\System32\WindowsPowerShell\v1.0\;C:\Windows\System32\OpenSSH\;C:\Program Files\Microsoft SQL Server\170\Tools\Binn\;C:\Program Files\Microsoft SQL Server\Client SDK\ODBC\170\Tools\Binn\;C:\Program Files\dotnet\;C:\Program Files\nodejs\;C:\Program Files\MySQL\MySQL Shell 8.0\bin\;C:\Users\nghianh1\AppData\Local\Microsoft\WindowsApps;C:\Users\nghianh1\AppData\Local\Programs\Git\cmd;C:\Users\nghianh1\AppData\Local\Programs\Microsoft VS Code\bin;C:\Users\nghianh1\.dotnet\tools;C:\Users\nghianh1\AppData\Roaming\npm;.]
10-Feb-2026 17:33:14.954 INFO [main] org.apache.coyote.AbstractProtocol.init Initializing ProtocolHandler ["http-nio-8080"]
10-Feb-2026 17:33:15.046 INFO [main] org.apache.catalina.startup.Catalina.load Server initialization in [1093] milliseconds
10-Feb-2026 17:33:15.146 INFO [main] org.apache.catalina.core.StandardService.startInternal Starting service [Catalina]
10-Feb-2026 17:33:15.146 INFO [main] org.apache.catalina.core.StandardEngine.startInternal Starting Servlet engine: [Apache Tomcat/10.1.49]
10-Feb-2026 17:33:15.169 INFO [main] org.apache.catalina.startup.HostConfig.deployDirectory Deploying web application directory [D:\magnolia-headless\.magnolia\apache-tomcat\webapps\magnoliaAuthor]
10-Feb-2026 17:34:17.925 INFO [main] org.apache.catalina.startup.HostConfig.deployDirectory Deployment of web application directory [D:\magnolia-headless\.magnolia\apache-tomcat\webapps\magnoliaAuthor] has finished in [62,757] ms
10-Feb-2026 17:34:17.925 INFO [main] org.apache.catalina.startup.HostConfig.deployDirectory Deploying web application directory [D:\magnolia-headless\.magnolia\apache-tomcat\webapps\magnoliaPublic]
10-Feb-2026 17:35:10.129 INFO [main] org.apache.catalina.startup.HostConfig.deployDirectory Deployment of web application directory [D:\magnolia-headless\.magnolia\apache-tomcat\webapps\magnoliaPublic] has finished in [52,203] ms
10-Feb-2026 17:35:10.129 INFO [main] org.apache.catalina.startup.HostConfig.deployDirectory Deploying web application directory [D:\magnolia-headless\.magnolia\apache-tomcat\webapps\ROOT]
10-Feb-2026 17:35:10.149 INFO [main] org.apache.catalina.startup.HostConfig.deployDirectory Deployment of web application directory [D:\magnolia-headless\.magnolia\apache-tomcat\webapps\ROOT] has finished in [20] ms
10-Feb-2026 17:35:10.152 INFO [main] org.apache.coyote.AbstractProtocol.start Starting ProtocolHandler ["http-nio-8080"]
10-Feb-2026 17:35:10.189 INFO [main] org.apache.catalina.startup.Catalina.start Server startup in [115141] milliseconds
10-Feb-2026 17:41:53.347 INFO [http-nio-8080-exec-2] org.apache.coyote.http11.Http11Processor.service Error parsing HTTP request header
 Note: further occurrences of HTTP request parsing errors will be logged at DEBUG level.
	java.lang.IllegalArgumentException: Request header is too large
		at org.apache.coyote.http11.Http11InputBuffer.fill(Http11InputBuffer.java:765)
		at org.apache.coyote.http11.Http11InputBuffer.parseHeader(Http11InputBuffer.java:959)
		at org.apache.coyote.http11.Http11InputBuffer.parseHeaders(Http11InputBuffer.java:588)
		at org.apache.coyote.http11.Http11Processor.service(Http11Processor.java:295)
		at org.apache.coyote.AbstractProcessorLight.process(AbstractProcessorLight.java:63)
		at org.apache.coyote.AbstractProtocol$ConnectionHandler.process(AbstractProtocol.java:903)
		at org.apache.tomcat.util.net.NioEndpoint$SocketProcessor.doRun(NioEndpoint.java:1774)
		at org.apache.tomcat.util.net.SocketProcessorBase.run(SocketProcessorBase.java:52)
		at org.apache.tomcat.util.threads.ThreadPoolExecutor.runWorker(ThreadPoolExecutor.java:973)
		at org.apache.tomcat.util.threads.ThreadPoolExecutor$Worker.run(ThreadPoolExecutor.java:491)
		at org.apache.tomcat.util.threads.TaskThread$WrappingRunnable.run(TaskThread.java:63)
		at java.base/java.lang.Thread.run(Thread.java:1583)
10-Feb-2026 17:51:00.992 INFO [http-nio-8080-exec-7] org.apache.coyote.http11.Http11Processor.service Error parsing HTTP request header
 Note: further occurrences of HTTP request parsing errors will be logged at DEBUG level.
	java.lang.IllegalArgumentException: Request header is too large
		at org.apache.coyote.http11.Http11InputBuffer.fill(Http11InputBuffer.java:765)
		at org.apache.coyote.http11.Http11InputBuffer.parseHeader(Http11InputBuffer.java:959)
		at org.apache.coyote.http11.Http11InputBuffer.parseHeaders(Http11InputBuffer.java:588)
		at org.apache.coyote.http11.Http11Processor.service(Http11Processor.java:295)
		at org.apache.coyote.AbstractProcessorLight.process(AbstractProcessorLight.java:63)
		at org.apache.coyote.AbstractProtocol$ConnectionHandler.process(AbstractProtocol.java:903)
		at org.apache.tomcat.util.net.NioEndpoint$SocketProcessor.doRun(NioEndpoint.java:1774)
		at org.apache.tomcat.util.net.SocketProcessorBase.run(SocketProcessorBase.java:52)
		at org.apache.tomcat.util.threads.ThreadPoolExecutor.runWorker(ThreadPoolExecutor.java:973)
		at org.apache.tomcat.util.threads.ThreadPoolExecutor$Worker.run(ThreadPoolExecutor.java:491)
		at org.apache.tomcat.util.threads.TaskThread$WrappingRunnable.run(TaskThread.java:63)
		at java.base/java.lang.Thread.run(Thread.java:1583)
